This file contains any messages produced by compilers while
running configure, to aid debugging if configure makes a mistake.

It was created by fuse configure 2.9.7, which was
generated by GNU Autoconf 2.69.  Invocation command line was

  $ ./configure 

## --------- ##
## Platform. ##
## --------- ##

hostname = 5e44a3bc5382
uname -m = x86_64
uname -r = 5.4.0-64-generic
uname -s = Linux
uname -v = #72~18.04.1-Ubuntu SMP Fri Jan 15 14:06:34 UTC 2021

/usr/bin/uname -p = unknown
/bin/uname -X     = unknown

/bin/arch              = unknown
/usr/bin/arch -k       = unknown
/usr/convex/getsysinfo = unknown
/usr/bin/hostinfo      = unknown
/bin/machine           = unknown
/usr/bin/oslevel       = unknown
/bin/universe          = unknown

PATH: /home/aosp/bin
PATH: /usr/lib/jvm/java-7-openjdk-amd64/bin
PATH: /aosp/android6.0.1/out/host/linux-x86/bin
PATH: /aosp/android6.0.1/prebuilts/gcc/linux-x86/aarch64/aarch64-linux-android-4.9/bin
PATH: /aosp/android6.0.1/prebuilts/gcc/linux-x86/arm/arm-linux-androideabi-4.9/bin
PATH: /aosp/android6.0.1/development/scripts
PATH: /aosp/android6.0.1/prebuilts/devtools/tools
PATH: /aosp/android6.0.1/external/selinux/prebuilts/bin
PATH: /aosp/android6.0.1/prebuilts/android-emulator/linux-x86_64
PATH: /usr/local/sbin
PATH: /usr/local/bin
PATH: /usr/sbin
PATH: /usr/bin
PATH: /sbin
PATH: /bin
PATH: /snap/bin


## ----------- ##
## Core tests. ##
## ----------- ##

configure:2241: checking build system type
configure:2255: result: x86_64-pc-linux-gnu
configure:2275: checking host system type
configure:2288: result: x86_64-pc-linux-gnu
configure:2308: checking target system type
configure:2321: result: x86_64-pc-linux-gnu
configure:2363: checking for a BSD-compatible install
configure:2431: result: /usr/bin/install -c
configure:2442: checking whether build environment is sane
configure:2497: result: yes
configure:2648: checking for a thread-safe mkdir -p
configure:2687: result: /bin/mkdir -p
configure:2694: checking for gawk
configure:2710: found /usr/bin/gawk
configure:2721: result: gawk
configure:2732: checking whether make sets $(MAKE)
configure:2754: result: yes
configure:2783: checking whether make supports nested variables
configure:2800: result: yes
configure:2937: checking whether make supports nested variables
configure:2954: result: yes
configure:3014: checking how to print strings
configure:3041: result: printf
configure:3074: checking for style of include used by make
configure:3102: result: GNU
configure:3173: checking for gcc
configure:3189: found /usr/bin/gcc
configure:3200: result: gcc
configure:3429: checking for C compiler version
configure:3438: gcc --version >&5
gcc (Ubuntu 4.8.4-2ubuntu1~14.04.3) 4.8.4
Copyright (C) 2013 Free Software Foundation, Inc.
This is free software; see the source for copying conditions.  There is NO
warranty; not even for MERCHANTABILITY or FITNESS FOR A PARTICULAR PURPOSE.

configure:3449: $? = 0
configure:3438: gcc -v >&5
Using built-in specs.
COLLECT_GCC=gcc
COLLECT_LTO_WRAPPER=/usr/lib/gcc/x86_64-linux-gnu/4.8/lto-wrapper
Target: x86_64-linux-gnu
Configured with: ../src/configure -v --with-pkgversion='Ubuntu 4.8.4-2ubuntu1~14.04.3' --with-bugurl=file:///usr/share/doc/gcc-4.8/README.Bugs --enable-languages=c,c++,java,go,d,fortran,objc,obj-c++ --prefix=/usr --program-suffix=-4.8 --enable-shared --enable-linker-build-id --libexecdir=/usr/lib --without-included-gettext --enable-threads=posix --with-gxx-include-dir=/usr/include/c++/4.8 --libdir=/usr/lib --enable-nls --with-sysroot=/ --enable-clocale=gnu --enable-libstdcxx-debug --enable-libstdcxx-time=yes --enable-gnu-unique-object --disable-libmudflap --enable-plugin --with-system-zlib --disable-browser-plugin --enable-java-awt=gtk --enable-gtk-cairo --with-java-home=/usr/lib/jvm/java-1.5.0-gcj-4.8-amd64/jre --enable-java-home --with-jvm-root-dir=/usr/lib/jvm/java-1.5.0-gcj-4.8-amd64 --with-jvm-jar-dir=/usr/lib/jvm-exports/java-1.5.0-gcj-4.8-amd64 --with-arch-directory=amd64 --with-ecj-jar=/usr/share/java/eclipse-ecj.jar --enable-objc-gc --enable-multiarch --disable-werror --with-arch-32=i686 --with-abi=m64 --with-multilib-list=m32,m64,mx32 --with-tune=generic --enable-checking=release --build=x86_64-linux-gnu --host=x86_64-linux-gnu --target=x86_64-linux-gnu
Thread model: posix
gcc version 4.8.4 (Ubuntu 4.8.4-2ubuntu1~14.04.3) 
configure:3449: $? = 0
configure:3438: gcc -V >&5
gcc: error: unrecognized command line option '-V'
gcc: fatal error: no input files
compilation terminated.
configure:3449: $? = 4
configure:3438: gcc -qversion >&5
gcc: error: unrecognized command line option '-qversion'
gcc: fatal error: no input files
compilation terminated.
configure:3449: $? = 4
configure:3469: checking whether the C compiler works
configure:3491: gcc    conftest.c  >&5
configure:3495: $? = 0
configure:3543: result: yes
configure:3546: checking for C compiler default output file name
configure:3548: result: a.out
configure:3554: checking for suffix of executables
configure:3561: gcc -o conftest    conftest.c  >&5
configure:3565: $? = 0
configure:3587: result: 
configure:3609: checking whether we are cross compiling
configure:3617: gcc -o conftest    conftest.c  >&5
configure:3621: $? = 0
configure:3628: ./conftest
configure:3632: $? = 0
configure:3647: result: no
configure:3652: checking for suffix of object files
configure:3674: gcc -c   conftest.c >&5
configure:3678: $? = 0
configure:3699: result: o
configure:3703: checking whether we are using the GNU C compiler
configure:3722: gcc -c   conftest.c >&5
configure:3722: $? = 0
configure:3731: result: yes
configure:3740: checking whether gcc accepts -g
configure:3760: gcc -c -g  conftest.c >&5
configure:3760: $? = 0
configure:3801: result: yes
configure:3818: checking for gcc option to accept ISO C89
configure:3881: gcc  -c -g -O2  conftest.c >&5
configure:3881: $? = 0
configure:3894: result: none needed
configure:3919: checking whether gcc understands -c and -o together
configure:3941: gcc -c conftest.c -o conftest2.o
configure:3944: $? = 0
configure:3941: gcc -c conftest.c -o conftest2.o
configure:3944: $? = 0
configure:3956: result: yes
configure:3975: checking dependency style of gcc
configure:4086: result: gcc3
configure:4101: checking for a sed that does not truncate output
configure:4165: result: /bin/sed
configure:4183: checking for grep that handles long lines and -e
configure:4241: result: /bin/grep
configure:4246: checking for egrep
configure:4308: result: /bin/grep -E
configure:4313: checking for fgrep
configure:4375: result: /bin/grep -F
configure:4410: checking for ld used by gcc
configure:4477: result: /usr/bin/ld
configure:4484: checking if the linker (/usr/bin/ld) is GNU ld
configure:4499: result: yes
configure:4511: checking for BSD- or MS-compatible name lister (nm)
configure:4560: result: /usr/bin/nm -B
configure:4690: checking the name lister (/usr/bin/nm -B) interface
configure:4697: gcc -c -g -O2  conftest.c >&5
configure:4700: /usr/bin/nm -B "conftest.o"
configure:4703: output
0000000000000000 B some_variable
configure:4710: result: BSD nm
configure:4713: checking whether ln -s works
configure:4717: result: yes
configure:4725: checking the maximum length of command line arguments
configure:4855: result: 1572864
configure:4872: checking whether the shell understands some XSI constructs
configure:4882: result: yes
configure:4886: checking whether the shell understands "+="
configure:4892: result: yes
configure:4927: checking how to convert x86_64-pc-linux-gnu file names to x86_64-pc-linux-gnu format
configure:4967: result: func_convert_file_noop
configure:4974: checking how to convert x86_64-pc-linux-gnu file names to toolchain format
configure:4994: result: func_convert_file_noop
configure:5001: checking for /usr/bin/ld option to reload object files
configure:5008: result: -r
configure:5082: checking for objdump
configure:5098: found /usr/bin/objdump
configure:5109: result: objdump
configure:5141: checking how to recognize dependent libraries
configure:5343: result: pass_all
configure:5428: checking for dlltool
configure:5458: result: no
configure:5488: checking how to associate runtime and link libraries
configure:5515: result: printf %s\n
configure:5576: checking for ar
configure:5592: found /usr/bin/ar
configure:5603: result: ar
configure:5640: checking for archiver @FILE support
configure:5657: gcc -c -g -O2  conftest.c >&5
configure:5657: $? = 0
configure:5660: ar cru libconftest.a @conftest.lst >&5
configure:5663: $? = 0
configure:5668: ar cru libconftest.a @conftest.lst >&5
ar: conftest.o: No such file or directory
configure:5671: $? = 1
configure:5683: result: @
configure:5741: checking for strip
configure:5757: found /usr/bin/strip
configure:5768: result: strip
configure:5840: checking for ranlib
configure:5856: found /usr/bin/ranlib
configure:5867: result: ranlib
configure:5969: checking command to parse /usr/bin/nm -B output from gcc object
configure:6089: gcc -c -g -O2  conftest.c >&5
configure:6092: $? = 0
configure:6096: /usr/bin/nm -B conftest.o \| sed -n -e 's/^.*[ ]\([ABCDGIRSTW][ABCDGIRSTW]*\)[ ][ ]*\([_A-Za-z][_A-Za-z0-9]*\)$/\1 \2 \2/p' | sed '/ __gnu_lto/d' \> conftest.nm
configure:6099: $? = 0
configure:6165: gcc -o conftest -g -O2   conftest.c conftstm.o >&5
configure:6168: $? = 0
configure:6206: result: ok
configure:6243: checking for sysroot
configure:6273: result: no
configure:6350: gcc -c -g -O2  conftest.c >&5
configure:6353: $? = 0
configure:6529: checking for mt
configure:6545: found /bin/mt
configure:6556: result: mt
configure:6579: checking if mt is a manifest tool
configure:6585: mt '-?'
configure:6593: result: no
configure:7235: checking how to run the C preprocessor
configure:7266: gcc -E  conftest.c
configure:7266: $? = 0
configure:7280: gcc -E  conftest.c
conftest.c:11:28: fatal error: ac_nonexistent.h: No such file or directory
 #include <ac_nonexistent.h>
                            ^
compilation terminated.
configure:7280: $? = 1
configure: failed program was:
| /* confdefs.h */
| #define PACKAGE_NAME "fuse"
| #define PACKAGE_TARNAME "fuse"
| #define PACKAGE_VERSION "2.9.7"
| #define PACKAGE_STRING "fuse 2.9.7"
| #define PACKAGE_BUGREPORT ""
| #define PACKAGE_URL ""
| #define PACKAGE "fuse"
| #define VERSION "2.9.7"
| /* end confdefs.h.  */
| #include <ac_nonexistent.h>
configure:7305: result: gcc -E
configure:7325: gcc -E  conftest.c
configure:7325: $? = 0
configure:7339: gcc -E  conftest.c
conftest.c:11:28: fatal error: ac_nonexistent.h: No such file or directory
 #include <ac_nonexistent.h>
                            ^
compilation terminated.
configure:7339: $? = 1
configure: failed program was:
| /* confdefs.h */
| #define PACKAGE_NAME "fuse"
| #define PACKAGE_TARNAME "fuse"
| #define PACKAGE_VERSION "2.9.7"
| #define PACKAGE_STRING "fuse 2.9.7"
| #define PACKAGE_BUGREPORT ""
| #define PACKAGE_URL ""
| #define PACKAGE "fuse"
| #define VERSION "2.9.7"
| /* end confdefs.h.  */
| #include <ac_nonexistent.h>
configure:7368: checking for ANSI C header files
configure:7388: gcc -c -g -O2  conftest.c >&5
configure:7388: $? = 0
configure:7461: gcc -o conftest -g -O2   conftest.c  >&5
configure:7461: $? = 0
configure:7461: ./conftest
configure:7461: $? = 0
configure:7472: result: yes
configure:7485: checking for sys/types.h
configure:7485: gcc -c -g -O2  conftest.c >&5
configure:7485: $? = 0
configure:7485: result: yes
configure:7485: checking for sys/stat.h
configure:7485: gcc -c -g -O2  conftest.c >&5
configure:7485: $? = 0
configure:7485: result: yes
configure:7485: checking for stdlib.h
configure:7485: gcc -c -g -O2  conftest.c >&5
configure:7485: $? = 0
configure:7485: result: yes
configure:7485: checking for string.h
configure:7485: gcc -c -g -O2  conftest.c >&5
configure:7485: $? = 0
configure:7485: result: yes
configure:7485: checking for memory.h
configure:7485: gcc -c -g -O2  conftest.c >&5
configure:7485: $? = 0
configure:7485: result: yes
configure:7485: checking for strings.h
configure:7485: gcc -c -g -O2  conftest.c >&5
configure:7485: $? = 0
configure:7485: result: yes
configure:7485: checking for inttypes.h
configure:7485: gcc -c -g -O2  conftest.c >&5
configure:7485: $? = 0
configure:7485: result: yes
configure:7485: checking for stdint.h
configure:7485: gcc -c -g -O2  conftest.c >&5
configure:7485: $? = 0
configure:7485: result: yes
configure:7485: checking for unistd.h
configure:7485: gcc -c -g -O2  conftest.c >&5
configure:7485: $? = 0
configure:7485: result: yes
configure:7499: checking for dlfcn.h
configure:7499: gcc -c -g -O2  conftest.c >&5
configure:7499: $? = 0
configure:7499: result: yes
configure:7705: checking for objdir
configure:7720: result: .libs
configure:7991: checking if gcc supports -fno-rtti -fno-exceptions
configure:8009: gcc -c -g -O2  -fno-rtti -fno-exceptions conftest.c >&5
cc1: warning: command line option '-fno-rtti' is valid for C++/ObjC++ but not for C [enabled by default]
configure:8013: $? = 0
configure:8026: result: no
configure:8353: checking for gcc option to produce PIC
configure:8360: result: -fPIC -DPIC
configure:8368: checking if gcc PIC flag -fPIC -DPIC works
configure:8386: gcc -c -g -O2  -fPIC -DPIC -DPIC conftest.c >&5
configure:8390: $? = 0
configure:8403: result: yes
configure:8432: checking if gcc static flag -static works
configure:8460: result: yes
configure:8475: checking if gcc supports -c -o file.o
configure:8496: gcc -c -g -O2  -o out/conftest2.o conftest.c >&5
configure:8500: $? = 0
configure:8522: result: yes
configure:8530: checking if gcc supports -c -o file.o
configure:8577: result: yes
configure:8610: checking whether the gcc linker (/usr/bin/ld -m elf_x86_64) supports shared libraries
configure:9763: result: yes
configure:9800: checking whether -lc should be explicitly linked in
configure:9808: gcc -c -g -O2  conftest.c >&5
configure:9811: $? = 0
configure:9826: gcc -shared  -fPIC -DPIC conftest.o  -v -Wl,-soname -Wl,conftest -o conftest 2\>\&1 \| /bin/grep  -lc  \>/dev/null 2\>\&1
configure:9829: $? = 0
configure:9843: result: no
configure:10003: checking dynamic linker characteristics
configure:10514: gcc -o conftest -g -O2   -Wl,-rpath -Wl,/foo conftest.c  >&5
configure:10514: $? = 0
configure:10736: result: GNU/Linux ld.so
configure:10843: checking how to hardcode library paths into programs
configure:10868: result: immediate
configure:11408: checking whether stripping libraries is possible
configure:11413: result: yes
configure:11448: checking if libtool supports shared libraries
configure:11450: result: yes
configure:11453: checking whether to build shared libraries
configure:11474: result: yes
configure:11477: checking whether to build static libraries
configure:11481: result: yes
configure:11566: checking for gcc
configure:11593: result: gcc
configure:11822: checking for C compiler version
configure:11831: gcc --version >&5
gcc (Ubuntu 4.8.4-2ubuntu1~14.04.3) 4.8.4
Copyright (C) 2013 Free Software Foundation, Inc.
This is free software; see the source for copying conditions.  There is NO
warranty; not even for MERCHANTABILITY or FITNESS FOR A PARTICULAR PURPOSE.

configure:11842: $? = 0
configure:11831: gcc -v >&5
Using built-in specs.
COLLECT_GCC=gcc
COLLECT_LTO_WRAPPER=/usr/lib/gcc/x86_64-linux-gnu/4.8/lto-wrapper
Target: x86_64-linux-gnu
Configured with: ../src/configure -v --with-pkgversion='Ubuntu 4.8.4-2ubuntu1~14.04.3' --with-bugurl=file:///usr/share/doc/gcc-4.8/README.Bugs --enable-languages=c,c++,java,go,d,fortran,objc,obj-c++ --prefix=/usr --program-suffix=-4.8 --enable-shared --enable-linker-build-id --libexecdir=/usr/lib --without-included-gettext --enable-threads=posix --with-gxx-include-dir=/usr/include/c++/4.8 --libdir=/usr/lib --enable-nls --with-sysroot=/ --enable-clocale=gnu --enable-libstdcxx-debug --enable-libstdcxx-time=yes --enable-gnu-unique-object --disable-libmudflap --enable-plugin --with-system-zlib --disable-browser-plugin --enable-java-awt=gtk --enable-gtk-cairo --with-java-home=/usr/lib/jvm/java-1.5.0-gcj-4.8-amd64/jre --enable-java-home --with-jvm-root-dir=/usr/lib/jvm/java-1.5.0-gcj-4.8-amd64 --with-jvm-jar-dir=/usr/lib/jvm-exports/java-1.5.0-gcj-4.8-amd64 --with-arch-directory=amd64 --with-ecj-jar=/usr/share/java/eclipse-ecj.jar --enable-objc-gc --enable-multiarch --disable-werror --with-arch-32=i686 --with-abi=m64 --with-multilib-list=m32,m64,mx32 --with-tune=generic --enable-checking=release --build=x86_64-linux-gnu --host=x86_64-linux-gnu --target=x86_64-linux-gnu
Thread model: posix
gcc version 4.8.4 (Ubuntu 4.8.4-2ubuntu1~14.04.3) 
configure:11842: $? = 0
configure:11831: gcc -V >&5
gcc: error: unrecognized command line option '-V'
gcc: fatal error: no input files
compilation terminated.
configure:11842: $? = 4
configure:11831: gcc -qversion >&5
gcc: error: unrecognized command line option '-qversion'
gcc: fatal error: no input files
compilation terminated.
configure:11842: $? = 4
configure:11846: checking whether we are using the GNU C compiler
configure:11874: result: yes
configure:11883: checking whether gcc accepts -g
configure:11944: result: yes
configure:11961: checking for gcc option to accept ISO C89
configure:12037: result: none needed
configure:12062: checking whether gcc understands -c and -o together
configure:12099: result: yes
configure:12118: checking dependency style of gcc
configure:12229: result: gcc3
configure:12309: checking for fork
configure:12309: gcc -o conftest -Wall -W -Wno-sign-compare -Wstrict-prototypes -Wmissing-declarations -Wwrite-strings -g -O2 -fno-strict-aliasing   conftest.c  >&5
conftest.c:46:1: warning: function declaration isn't a prototype [-Wstrict-prototypes]
 char fork ();
 ^
conftest.c:46:6: warning: conflicting types for built-in function 'fork' [enabled by default]
 char fork ();
      ^
conftest.c:55:1: warning: function declaration isn't a prototype [-Wstrict-prototypes]
 main ()
 ^
configure:12309: $? = 0
configure:12309: result: yes
configure:12309: checking for setxattr
configure:12309: gcc -o conftest -Wall -W -Wno-sign-compare -Wstrict-prototypes -Wmissing-declarations -Wwrite-strings -g -O2 -fno-strict-aliasing   conftest.c  >&5
conftest.c:47:1: warning: function declaration isn't a prototype [-Wstrict-prototypes]
 char setxattr ();
 ^
conftest.c:56:1: warning: function declaration isn't a prototype [-Wstrict-prototypes]
 main ()
 ^
configure:12309: $? = 0
configure:12309: result: yes
configure:12309: checking for fdatasync
configure:12309: gcc -o conftest -Wall -W -Wno-sign-compare -Wstrict-prototypes -Wmissing-declarations -Wwrite-strings -g -O2 -fno-strict-aliasing   conftest.c  >&5
conftest.c:48:1: warning: function declaration isn't a prototype [-Wstrict-prototypes]
 char fdatasync ();
 ^
conftest.c:57:1: warning: function declaration isn't a prototype [-Wstrict-prototypes]
 main ()
 ^
configure:12309: $? = 0
configure:12309: result: yes
configure:12309: checking for splice
configure:12309: gcc -o conftest -Wall -W -Wno-sign-compare -Wstrict-prototypes -Wmissing-declarations -Wwrite-strings -g -O2 -fno-strict-aliasing   conftest.c  >&5
conftest.c:49:1: warning: function declaration isn't a prototype [-Wstrict-prototypes]
 char splice ();
 ^
conftest.c:58:1: warning: function declaration isn't a prototype [-Wstrict-prototypes]
 main ()
 ^
configure:12309: $? = 0
configure:12309: result: yes
configure:12309: checking for vmsplice
configure:12309: gcc -o conftest -Wall -W -Wno-sign-compare -Wstrict-prototypes -Wmissing-declarations -Wwrite-strings -g -O2 -fno-strict-aliasing   conftest.c  >&5
conftest.c:50:1: warning: function declaration isn't a prototype [-Wstrict-prototypes]
 char vmsplice ();
 ^
conftest.c:59:1: warning: function declaration isn't a prototype [-Wstrict-prototypes]
 main ()
 ^
configure:12309: $? = 0
configure:12309: result: yes
configure:12309: checking for utimensat
configure:12309: gcc -o conftest -Wall -W -Wno-sign-compare -Wstrict-prototypes -Wmissing-declarations -Wwrite-strings -g -O2 -fno-strict-aliasing   conftest.c  >&5
conftest.c:51:1: warning: function declaration isn't a prototype [-Wstrict-prototypes]
 char utimensat ();
 ^
conftest.c:60:1: warning: function declaration isn't a prototype [-Wstrict-prototypes]
 main ()
 ^
configure:12309: $? = 0
configure:12309: result: yes
configure:12320: checking for posix_fallocate
configure:12320: gcc -o conftest -Wall -W -Wno-sign-compare -Wstrict-prototypes -Wmissing-declarations -Wwrite-strings -g -O2 -fno-strict-aliasing   conftest.c  >&5
conftest.c:52:1: warning: function declaration isn't a prototype [-Wstrict-prototypes]
 char posix_fallocate ();
 ^
conftest.c:61:1: warning: function declaration isn't a prototype [-Wstrict-prototypes]
 main ()
 ^
configure:12320: $? = 0
configure:12320: result: yes
configure:12329: checking for struct stat.st_atim
configure:12329: gcc -c -Wall -W -Wno-sign-compare -Wstrict-prototypes -Wmissing-declarations -Wwrite-strings -g -O2 -fno-strict-aliasing  conftest.c >&5
conftest.c:64:1: warning: function declaration isn't a prototype [-Wstrict-prototypes]
 main ()
 ^
conftest.c: In function 'main':
conftest.c:67:5: error: used struct type value where scalar is required
 if (ac_aggr.st_atim)
     ^
conftest.c:66:20: warning: variable 'ac_aggr' set but not used [-Wunused-but-set-variable]
 static struct stat ac_aggr;
                    ^
configure:12329: $? = 1
configure: failed program was:
| /* confdefs.h */
| #define PACKAGE_NAME "fuse"
| #define PACKAGE_TARNAME "fuse"
| #define PACKAGE_VERSION "2.9.7"
| #define PACKAGE_STRING "fuse 2.9.7"
| #define PACKAGE_BUGREPORT ""
| #define PACKAGE_URL ""
| #define PACKAGE "fuse"
| #define VERSION "2.9.7"
| #define STDC_HEADERS 1
| #define HAVE_SYS_TYPES_H 1
| #define HAVE_SYS_STAT_H 1
| #define HAVE_STDLIB_H 1
| #define HAVE_STRING_H 1
| #define HAVE_MEMORY_H 1
| #define HAVE_STRINGS_H 1
| #define HAVE_INTTYPES_H 1
| #define HAVE_STDINT_H 1
| #define HAVE_UNISTD_H 1
| #define HAVE_DLFCN_H 1
| #define LT_OBJDIR ".libs/"
| #define HAVE_FORK 1
| #define HAVE_SETXATTR 1
| #define HAVE_FDATASYNC 1
| #define HAVE_SPLICE 1
| #define HAVE_VMSPLICE 1
| #define HAVE_UTIMENSAT 1
| #define HAVE_POSIX_FALLOCATE 1
| /* end confdefs.h.  */
| #include <stdio.h>
| #ifdef HAVE_SYS_TYPES_H
| # include <sys/types.h>
| #endif
| #ifdef HAVE_SYS_STAT_H
| # include <sys/stat.h>
| #endif
| #ifdef STDC_HEADERS
| # include <stdlib.h>
| # include <stddef.h>
| #else
| # ifdef HAVE_STDLIB_H
| #  include <stdlib.h>
| # endif
| #endif
| #ifdef HAVE_STRING_H
| # if !defined STDC_HEADERS && defined HAVE_MEMORY_H
| #  include <memory.h>
| # endif
| # include <string.h>
| #endif
| #ifdef HAVE_STRINGS_H
| # include <strings.h>
| #endif
| #ifdef HAVE_INTTYPES_H
| # include <inttypes.h>
| #endif
| #ifdef HAVE_STDINT_H
| # include <stdint.h>
| #endif
| #ifdef HAVE_UNISTD_H
| # include <unistd.h>
| #endif
| int
| main ()
| {
| static struct stat ac_aggr;
| if (ac_aggr.st_atim)
| return 0;
|   ;
|   return 0;
| }
configure:12329: gcc -c -Wall -W -Wno-sign-compare -Wstrict-prototypes -Wmissing-declarations -Wwrite-strings -g -O2 -fno-strict-aliasing  conftest.c >&5
conftest.c:64:1: warning: function declaration isn't a prototype [-Wstrict-prototypes]
 main ()
 ^
configure:12329: $? = 0
configure:12329: result: yes
configure:12339: checking for struct stat.st_atimespec
configure:12339: gcc -c -Wall -W -Wno-sign-compare -Wstrict-prototypes -Wmissing-declarations -Wwrite-strings -g -O2 -fno-strict-aliasing  conftest.c >&5
conftest.c:65:1: warning: function declaration isn't a prototype [-Wstrict-prototypes]
 main ()
 ^
conftest.c: In function 'main':
conftest.c:68:12: error: 'struct stat' has no member named 'st_atimespec'
 if (ac_aggr.st_atimespec)
            ^
conftest.c:67:20: warning: variable 'ac_aggr' set but not used [-Wunused-but-set-variable]
 static struct stat ac_aggr;
                    ^
configure:12339: $? = 1
configure: failed program was:
| /* confdefs.h */
| #define PACKAGE_NAME "fuse"
| #define PACKAGE_TARNAME "fuse"
| #define PACKAGE_VERSION "2.9.7"
| #define PACKAGE_STRING "fuse 2.9.7"
| #define PACKAGE_BUGREPORT ""
| #define PACKAGE_URL ""
| #define PACKAGE "fuse"
| #define VERSION "2.9.7"
| #define STDC_HEADERS 1
| #define HAVE_SYS_TYPES_H 1
| #define HAVE_SYS_STAT_H 1
| #define HAVE_STDLIB_H 1
| #define HAVE_STRING_H 1
| #define HAVE_MEMORY_H 1
| #define HAVE_STRINGS_H 1
| #define HAVE_INTTYPES_H 1
| #define HAVE_STDINT_H 1
| #define HAVE_UNISTD_H 1
| #define HAVE_DLFCN_H 1
| #define LT_OBJDIR ".libs/"
| #define HAVE_FORK 1
| #define HAVE_SETXATTR 1
| #define HAVE_FDATASYNC 1
| #define HAVE_SPLICE 1
| #define HAVE_VMSPLICE 1
| #define HAVE_UTIMENSAT 1
| #define HAVE_POSIX_FALLOCATE 1
| #define HAVE_STRUCT_STAT_ST_ATIM 1
| /* end confdefs.h.  */
| #include <stdio.h>
| #ifdef HAVE_SYS_TYPES_H
| # include <sys/types.h>
| #endif
| #ifdef HAVE_SYS_STAT_H
| # include <sys/stat.h>
| #endif
| #ifdef STDC_HEADERS
| # include <stdlib.h>
| # include <stddef.h>
| #else
| # ifdef HAVE_STDLIB_H
| #  include <stdlib.h>
| # endif
| #endif
| #ifdef HAVE_STRING_H
| # if !defined STDC_HEADERS && defined HAVE_MEMORY_H
| #  include <memory.h>
| # endif
| # include <string.h>
| #endif
| #ifdef HAVE_STRINGS_H
| # include <strings.h>
| #endif
| #ifdef HAVE_INTTYPES_H
| # include <inttypes.h>
| #endif
| #ifdef HAVE_STDINT_H
| # include <stdint.h>
| #endif
| #ifdef HAVE_UNISTD_H
| # include <unistd.h>
| #endif
| int
| main ()
| {
| static struct stat ac_aggr;
| if (ac_aggr.st_atimespec)
| return 0;
|   ;
|   return 0;
| }
configure:12339: gcc -c -Wall -W -Wno-sign-compare -Wstrict-prototypes -Wmissing-declarations -Wwrite-strings -g -O2 -fno-strict-aliasing  conftest.c >&5
conftest.c:65:1: warning: function declaration isn't a prototype [-Wstrict-prototypes]
 main ()
 ^
conftest.c: In function 'main':
conftest.c:68:19: error: 'struct stat' has no member named 'st_atimespec'
 if (sizeof ac_aggr.st_atimespec)
                   ^
conftest.c:67:20: warning: variable 'ac_aggr' set but not used [-Wunused-but-set-variable]
 static struct stat ac_aggr;
                    ^
configure:12339: $? = 1
configure: failed program was:
| /* confdefs.h */
| #define PACKAGE_NAME "fuse"
| #define PACKAGE_TARNAME "fuse"
| #define PACKAGE_VERSION "2.9.7"
| #define PACKAGE_STRING "fuse 2.9.7"
| #define PACKAGE_BUGREPORT ""
| #define PACKAGE_URL ""
| #define PACKAGE "fuse"
| #define VERSION "2.9.7"
| #define STDC_HEADERS 1
| #define HAVE_SYS_TYPES_H 1
| #define HAVE_SYS_STAT_H 1
| #define HAVE_STDLIB_H 1
| #define HAVE_STRING_H 1
| #define HAVE_MEMORY_H 1
| #define HAVE_STRINGS_H 1
| #define HAVE_INTTYPES_H 1
| #define HAVE_STDINT_H 1
| #define HAVE_UNISTD_H 1
| #define HAVE_DLFCN_H 1
| #define LT_OBJDIR ".libs/"
| #define HAVE_FORK 1
| #define HAVE_SETXATTR 1
| #define HAVE_FDATASYNC 1
| #define HAVE_SPLICE 1
| #define HAVE_VMSPLICE 1
| #define HAVE_UTIMENSAT 1
| #define HAVE_POSIX_FALLOCATE 1
| #define HAVE_STRUCT_STAT_ST_ATIM 1
| /* end confdefs.h.  */
| #include <stdio.h>
| #ifdef HAVE_SYS_TYPES_H
| # include <sys/types.h>
| #endif
| #ifdef HAVE_SYS_STAT_H
| # include <sys/stat.h>
| #endif
| #ifdef STDC_HEADERS
| # include <stdlib.h>
| # include <stddef.h>
| #else
| # ifdef HAVE_STDLIB_H
| #  include <stdlib.h>
| # endif
| #endif
| #ifdef HAVE_STRING_H
| # if !defined STDC_HEADERS && defined HAVE_MEMORY_H
| #  include <memory.h>
| # endif
| # include <string.h>
| #endif
| #ifdef HAVE_STRINGS_H
| # include <strings.h>
| #endif
| #ifdef HAVE_INTTYPES_H
| # include <inttypes.h>
| #endif
| #ifdef HAVE_STDINT_H
| # include <stdint.h>
| #endif
| #ifdef HAVE_UNISTD_H
| # include <unistd.h>
| #endif
| int
| main ()
| {
| static struct stat ac_aggr;
| if (sizeof ac_aggr.st_atimespec)
| return 0;
|   ;
|   return 0;
| }
configure:12339: result: no
configure:12351: checking for library containing dlopen
configure:12382: gcc -o conftest -Wall -W -Wno-sign-compare -Wstrict-prototypes -Wmissing-declarations -Wwrite-strings -g -O2 -fno-strict-aliasing   conftest.c  >&5
conftest.c:38:1: warning: function declaration isn't a prototype [-Wstrict-prototypes]
 char dlopen ();
 ^
conftest.c:40:1: warning: function declaration isn't a prototype [-Wstrict-prototypes]
 main ()
 ^
/tmp/ccuTFDrN.o: In function `main':
/aosp/android6.0.1/external/libfuse/conftest.c:42: undefined reference to `dlopen'
collect2: error: ld returned 1 exit status
configure:12382: $? = 1
configure: failed program was:
| /* confdefs.h */
| #define PACKAGE_NAME "fuse"
| #define PACKAGE_TARNAME "fuse"
| #define PACKAGE_VERSION "2.9.7"
| #define PACKAGE_STRING "fuse 2.9.7"
| #define PACKAGE_BUGREPORT ""
| #define PACKAGE_URL ""
| #define PACKAGE "fuse"
| #define VERSION "2.9.7"
| #define STDC_HEADERS 1
| #define HAVE_SYS_TYPES_H 1
| #define HAVE_SYS_STAT_H 1
| #define HAVE_STDLIB_H 1
| #define HAVE_STRING_H 1
| #define HAVE_MEMORY_H 1
| #define HAVE_STRINGS_H 1
| #define HAVE_INTTYPES_H 1
| #define HAVE_STDINT_H 1
| #define HAVE_UNISTD_H 1
| #define HAVE_DLFCN_H 1
| #define LT_OBJDIR ".libs/"
| #define HAVE_FORK 1
| #define HAVE_SETXATTR 1
| #define HAVE_FDATASYNC 1
| #define HAVE_SPLICE 1
| #define HAVE_VMSPLICE 1
| #define HAVE_UTIMENSAT 1
| #define HAVE_POSIX_FALLOCATE 1
| #define HAVE_STRUCT_STAT_ST_ATIM 1
| /* end confdefs.h.  */
| 
| /* Override any GCC internal prototype to avoid an error.
|    Use char because int might match the return type of a GCC
|    builtin and then its argument prototype would still apply.  */
| #ifdef __cplusplus
| extern "C"
| #endif
| char dlopen ();
| int
| main ()
| {
| return dlopen ();
|   ;
|   return 0;
| }
configure:12382: gcc -o conftest -Wall -W -Wno-sign-compare -Wstrict-prototypes -Wmissing-declarations -Wwrite-strings -g -O2 -fno-strict-aliasing   conftest.c -ldl   >&5
conftest.c:38:1: warning: function declaration isn't a prototype [-Wstrict-prototypes]
 char dlopen ();
 ^
conftest.c:40:1: warning: function declaration isn't a prototype [-Wstrict-prototypes]
 main ()
 ^
configure:12382: $? = 0
configure:12399: result: -ldl
configure:12407: checking for library containing clock_gettime
configure:12438: gcc -o conftest -Wall -W -Wno-sign-compare -Wstrict-prototypes -Wmissing-declarations -Wwrite-strings -g -O2 -fno-strict-aliasing   conftest.c -ldl  >&5
conftest.c:38:1: warning: function declaration isn't a prototype [-Wstrict-prototypes]
 char clock_gettime ();
 ^
conftest.c:40:1: warning: function declaration isn't a prototype [-Wstrict-prototypes]
 main ()
 ^
configure:12438: $? = 0
configure:12455: result: none required
configure:12517: checking for ld used by gcc
configure:12584: result: /usr/bin/ld -m elf_x86_64
configure:12591: checking if the linker (/usr/bin/ld -m elf_x86_64) is GNU ld
configure:12606: result: yes
configure:12613: checking for shared library run path origin
configure:12626: result: done
configure:13204: checking for iconv
configure:13228: gcc -o conftest -Wall -W -Wno-sign-compare -Wstrict-prototypes -Wmissing-declarations -Wwrite-strings -g -O2 -fno-strict-aliasing   conftest.c  >&5
conftest.c:36:1: warning: function declaration isn't a prototype [-Wstrict-prototypes]
 main ()
 ^
configure:13228: $? = 0
configure:13262: result: yes
configure:13265: checking for working iconv
configure:13394: gcc -o conftest -Wall -W -Wno-sign-compare -Wstrict-prototypes -Wmissing-declarations -Wwrite-strings -g -O2 -fno-strict-aliasing   conftest.c  >&5
conftest.c:40:1: warning: function declaration isn't a prototype [-Wstrict-prototypes]
 main ()
 ^
configure:13394: $? = 0
configure:13394: ./conftest
configure:13394: $? = 0
configure:13406: result: yes
configure:13434: checking for iconv declaration
configure:13463: gcc -c -Wall -W -Wno-sign-compare -Wstrict-prototypes -Wmissing-declarations -Wwrite-strings -g -O2 -fno-strict-aliasing  conftest.c >&5
conftest.c:46:1: warning: function declaration isn't a prototype [-Wstrict-prototypes]
 main ()
 ^
configure:13463: $? = 0
configure:13474: result:
         extern size_t iconv (iconv_t cd, char * *inbuf, size_t *inbytesleft, char * *outbuf, size_t *outbytesleft);
configure:13498: MOUNT_FUSE_PATH env var not set, using default /sbin
configure:13504: UDEV_RULES_PATH env var not set, using default /etc/udev/rules.d
configure:13510: INIT_D_PATH env var not set, using default /etc/init.d
configure:13544: checking if umount supports --fake --no-canonicalize
configure:13549: result: yes
configure:13675: checking that generated files are newer than configure
configure:13681: result: done
configure:13724: creating ./config.status

## ---------------------- ##
## Running config.status. ##
## ---------------------- ##

This file was extended by fuse config.status 2.9.7, which was
generated by GNU Autoconf 2.69.  Invocation command line was

  CONFIG_FILES    = 
  CONFIG_HEADERS  = 
  CONFIG_LINKS    = 
  CONFIG_COMMANDS = 
  $ ./config.status 

on 5e44a3bc5382

config.status:1116: creating fuse.pc
config.status:1116: creating Makefile
config.status:1116: creating lib/Makefile
config.status:1116: creating util/Makefile
config.status:1116: creating example/Makefile
config.status:1116: creating include/Makefile
config.status:1116: creating doc/Makefile
config.status:1116: creating include/config.h
config.status:1345: executing depfiles commands
config.status:1345: executing libtool commands

## ---------------- ##
## Cache variables. ##
## ---------------- ##

ac_cv_build=x86_64-pc-linux-gnu
ac_cv_c_compiler_gnu=yes
ac_cv_env_CC_set=
ac_cv_env_CC_value=
ac_cv_env_CFLAGS_set=
ac_cv_env_CFLAGS_value=
ac_cv_env_CPPFLAGS_set=
ac_cv_env_CPPFLAGS_value=
ac_cv_env_CPP_set=
ac_cv_env_CPP_value=
ac_cv_env_LDFLAGS_set=
ac_cv_env_LDFLAGS_value=
ac_cv_env_LIBS_set=
ac_cv_env_LIBS_value=
ac_cv_env_build_alias_set=
ac_cv_env_build_alias_value=
ac_cv_env_host_alias_set=
ac_cv_env_host_alias_value=
ac_cv_env_target_alias_set=
ac_cv_env_target_alias_value=
ac_cv_func_fdatasync=yes
ac_cv_func_fork=yes
ac_cv_func_posix_fallocate=yes
ac_cv_func_setxattr=yes
ac_cv_func_splice=yes
ac_cv_func_utimensat=yes
ac_cv_func_vmsplice=yes
ac_cv_header_dlfcn_h=yes
ac_cv_header_inttypes_h=yes
ac_cv_header_memory_h=yes
ac_cv_header_stdc=yes
ac_cv_header_stdint_h=yes
ac_cv_header_stdlib_h=yes
ac_cv_header_string_h=yes
ac_cv_header_strings_h=yes
ac_cv_header_sys_stat_h=yes
ac_cv_header_sys_types_h=yes
ac_cv_header_unistd_h=yes
ac_cv_host=x86_64-pc-linux-gnu
ac_cv_member_struct_stat_st_atim=yes
ac_cv_member_struct_stat_st_atimespec=no
ac_cv_objext=o
ac_cv_path_EGREP='/bin/grep -E'
ac_cv_path_FGREP='/bin/grep -F'
ac_cv_path_GREP=/bin/grep
ac_cv_path_SED=/bin/sed
ac_cv_path_install='/usr/bin/install -c'
ac_cv_path_mkdir=/bin/mkdir
ac_cv_prog_AWK=gawk
ac_cv_prog_CPP='gcc -E'
ac_cv_prog_ac_ct_AR=ar
ac_cv_prog_ac_ct_CC=gcc
ac_cv_prog_ac_ct_MANIFEST_TOOL=mt
ac_cv_prog_ac_ct_OBJDUMP=objdump
ac_cv_prog_ac_ct_RANLIB=ranlib
ac_cv_prog_ac_ct_STRIP=strip
ac_cv_prog_cc_c89=
ac_cv_prog_cc_g=yes
ac_cv_prog_make_make_set=yes
ac_cv_search_clock_gettime='none required'
ac_cv_search_dlopen=-ldl
ac_cv_target=x86_64-pc-linux-gnu
acl_cv_hardcode_direct=no
acl_cv_hardcode_libdir_flag_spec='${wl}-rpath ${wl}$libdir'
acl_cv_hardcode_libdir_separator=
acl_cv_hardcode_minus_L=no
acl_cv_libext=a
acl_cv_libname_spec='lib$name'
acl_cv_library_names_spec='$libname$shrext'
acl_cv_path_LD='/usr/bin/ld -m elf_x86_64'
acl_cv_prog_gnu_ld=yes
acl_cv_rpath=done
acl_cv_shlibext=so
acl_cv_wl=-Wl,
am_cv_CC_dependencies_compiler_type=gcc3
am_cv_func_iconv=yes
am_cv_func_iconv_works=yes
am_cv_lib_iconv=no
am_cv_make_support_nested_variables=yes
am_cv_prog_cc_c_o=yes
am_cv_proto_iconv='extern size_t iconv (iconv_t cd, char * *inbuf, size_t *inbytesleft, char * *outbuf, size_t *outbytesleft);'
am_cv_proto_iconv_arg1=
lt_cv_ar_at_file=@
lt_cv_archive_cmds_need_lc=no
lt_cv_deplibs_check_method=pass_all
lt_cv_file_magic_cmd='$MAGIC_CMD'
lt_cv_file_magic_test_file=
lt_cv_ld_reload_flag=-r
lt_cv_nm_interface='BSD nm'
lt_cv_objdir=.libs
lt_cv_path_LD=/usr/bin/ld
lt_cv_path_NM='/usr/bin/nm -B'
lt_cv_path_mainfest_tool=no
lt_cv_prog_compiler_c_o=yes
lt_cv_prog_compiler_pic='-fPIC -DPIC'
lt_cv_prog_compiler_pic_works=yes
lt_cv_prog_compiler_rtti_exceptions=no
lt_cv_prog_compiler_static_works=yes
lt_cv_prog_gnu_ld=yes
lt_cv_sharedlib_from_linklib_cmd='printf %s\n'
lt_cv_shlibpath_overrides_runpath=no
lt_cv_sys_global_symbol_pipe='sed -n -e '\''s/^.*[	 ]\([ABCDGIRSTW][ABCDGIRSTW]*\)[	 ][	 ]*\([_A-Za-z][_A-Za-z0-9]*\)$/\1 \2 \2/p'\'' | sed '\''/ __gnu_lto/d'\'''
lt_cv_sys_global_symbol_to_c_name_address='sed -n -e '\''s/^: \([^ ]*\)[ ]*$/  {\"\1\", (void *) 0},/p'\'' -e '\''s/^[ABCDGIRSTW]* \([^ ]*\) \([^ ]*\)$/  {"\2", (void *) \&\2},/p'\'''
lt_cv_sys_global_symbol_to_c_name_address_lib_prefix='sed -n -e '\''s/^: \([^ ]*\)[ ]*$/  {\"\1\", (void *) 0},/p'\'' -e '\''s/^[ABCDGIRSTW]* \([^ ]*\) \(lib[^ ]*\)$/  {"\2", (void *) \&\2},/p'\'' -e '\''s/^[ABCDGIRSTW]* \([^ ]*\) \([^ ]*\)$/  {"lib\2", (void *) \&\2},/p'\'''
lt_cv_sys_global_symbol_to_cdecl='sed -n -e '\''s/^T .* \(.*\)$/extern int \1();/p'\'' -e '\''s/^[ABCDGIRSTW]* .* \(.*\)$/extern char \1;/p'\'''
lt_cv_sys_max_cmd_len=1572864
lt_cv_to_host_file_cmd=func_convert_file_noop
lt_cv_to_tool_file_cmd=func_convert_file_noop

## ----------------- ##
## Output variables. ##
## ----------------- ##

ACLOCAL='${SHELL} /aosp/android6.0.1/external/libfuse/missing aclocal-1.15'
AMDEPBACKSLASH='\'
AMDEP_FALSE='#'
AMDEP_TRUE=''
AMTAR='$${TAR-tar}'
AM_BACKSLASH='\'
AM_DEFAULT_V='$(AM_DEFAULT_VERBOSITY)'
AM_DEFAULT_VERBOSITY='0'
AM_V='$(V)'
AR='ar'
AUTOCONF='${SHELL} /aosp/android6.0.1/external/libfuse/missing autoconf'
AUTOHEADER='${SHELL} /aosp/android6.0.1/external/libfuse/missing autoheader'
AUTOMAKE='${SHELL} /aosp/android6.0.1/external/libfuse/missing automake-1.15'
AWK='gawk'
BSD_FALSE=''
BSD_TRUE='#'
CC='gcc'
CCDEPMODE='depmode=gcc3'
CFLAGS='-Wall -W -Wno-sign-compare -Wstrict-prototypes -Wmissing-declarations -Wwrite-strings -g -O2 -fno-strict-aliasing'
CPP='gcc -E'
CPPFLAGS=''
CYGPATH_W='echo'
DEFS='-DHAVE_CONFIG_H'
DEPDIR='.deps'
DLLTOOL='false'
DSYMUTIL=''
DUMPBIN=''
ECHO_C=''
ECHO_N='-n'
ECHO_T=''
EGREP='/bin/grep -E'
EXEEXT=''
FGREP='/bin/grep -F'
GREP='/bin/grep'
ICONV_FALSE='#'
ICONV_TRUE=''
INIT_D_PATH='/etc/init.d'
INSTALL_DATA='${INSTALL} -m 644'
INSTALL_PROGRAM='${INSTALL}'
INSTALL_SCRIPT='${INSTALL}'
INSTALL_STRIP_PROGRAM='$(install_sh) -c -s'
LD='/usr/bin/ld -m elf_x86_64'
LDFLAGS=''
LIBICONV=''
LIBOBJS=''
LIBS=''
LIBTOOL='$(SHELL) $(top_builddir)/libtool'
LINUX_FALSE='#'
LINUX_TRUE=''
LIPO=''
LN_S='ln -s'
LTLIBICONV=''
LTLIBOBJS=''
MAKEINFO='${SHELL} /aosp/android6.0.1/external/libfuse/missing makeinfo'
MANIFEST_TOOL=':'
MKDIR_P='/bin/mkdir -p'
MOUNT_FUSE_PATH='/sbin'
NETBSD_FALSE=''
NETBSD_TRUE='#'
NM='/usr/bin/nm -B'
NMEDIT=''
OBJDUMP='objdump'
OBJEXT='o'
OTOOL64=''
OTOOL=''
PACKAGE='fuse'
PACKAGE_BUGREPORT=''
PACKAGE_NAME='fuse'
PACKAGE_STRING='fuse 2.9.7'
PACKAGE_TARNAME='fuse'
PACKAGE_URL=''
PACKAGE_VERSION='2.9.7'
PATH_SEPARATOR=':'
RANLIB='ranlib'
SED='/bin/sed'
SET_MAKE=''
SHELL='/bin/sh'
STRIP='strip'
UDEV_RULES_PATH='/etc/udev/rules.d'
VERSION='2.9.7'
ac_ct_AR='ar'
ac_ct_CC='gcc'
ac_ct_DUMPBIN=''
am__EXEEXT_FALSE=''
am__EXEEXT_TRUE='#'
am__fastdepCC_FALSE='#'
am__fastdepCC_TRUE=''
am__include='include'
am__isrc=''
am__leading_dot='.'
am__nodep='_no'
am__quote=''
am__tar='$${TAR-tar} chof - "$$tardir"'
am__untar='$${TAR-tar} xf -'
bindir='${exec_prefix}/bin'
build='x86_64-pc-linux-gnu'
build_alias=''
build_cpu='x86_64'
build_os='linux-gnu'
build_vendor='pc'
datadir='${datarootdir}'
datarootdir='${prefix}/share'
docdir='${datarootdir}/doc/${PACKAGE_TARNAME}'
dvidir='${docdir}'
exec_prefix='${prefix}'
host='x86_64-pc-linux-gnu'
host_alias=''
host_cpu='x86_64'
host_os='linux-gnu'
host_vendor='pc'
htmldir='${docdir}'
includedir='${prefix}/include'
infodir='${datarootdir}/info'
install_sh='${SHELL} /aosp/android6.0.1/external/libfuse/install-sh'
libdir='${exec_prefix}/lib'
libexecdir='${exec_prefix}/libexec'
libfuse_libs='-ldl  '
localedir='${datarootdir}/locale'
localstatedir='${prefix}/var'
mandir='${datarootdir}/man'
mkdir_p='$(MKDIR_P)'
oldincludedir='/usr/include'
pdfdir='${docdir}'
pkgconfigdir='${libdir}/pkgconfig'
prefix='/usr/local'
program_transform_name='s,x,x,'
psdir='${docdir}'
sbindir='${exec_prefix}/sbin'
sharedstatedir='${prefix}/com'
subdirs2='include lib util example'
sysconfdir='${prefix}/etc'
target='x86_64-pc-linux-gnu'
target_alias=''
target_cpu='x86_64'
target_os='linux-gnu'
target_vendor='pc'

## ----------- ##
## confdefs.h. ##
## ----------- ##

/* confdefs.h */
#define PACKAGE_NAME "fuse"
#define PACKAGE_TARNAME "fuse"
#define PACKAGE_VERSION "2.9.7"
#define PACKAGE_STRING "fuse 2.9.7"
#define PACKAGE_BUGREPORT ""
#define PACKAGE_URL ""
#define PACKAGE "fuse"
#define VERSION "2.9.7"
#define STDC_HEADERS 1
#define HAVE_SYS_TYPES_H 1
#define HAVE_SYS_STAT_H 1
#define HAVE_STDLIB_H 1
#define HAVE_STRING_H 1
#define HAVE_MEMORY_H 1
#define HAVE_STRINGS_H 1
#define HAVE_INTTYPES_H 1
#define HAVE_STDINT_H 1
#define HAVE_UNISTD_H 1
#define HAVE_DLFCN_H 1
#define LT_OBJDIR ".libs/"
#define HAVE_FORK 1
#define HAVE_SETXATTR 1
#define HAVE_FDATASYNC 1
#define HAVE_SPLICE 1
#define HAVE_VMSPLICE 1
#define HAVE_UTIMENSAT 1
#define HAVE_POSIX_FALLOCATE 1
#define HAVE_STRUCT_STAT_ST_ATIM 1
#define HAVE_ICONV 1
#define ICONV_CONST 

configure: exit 0
